running egg_info
creating ../../build/my_robot_package/my_robot_package.egg-info
writing ../../build/my_robot_package/my_robot_package.egg-info/PKG-INFO
writing dependency_links to ../../build/my_robot_package/my_robot_package.egg-info/dependency_links.txt
writing entry points to ../../build/my_robot_package/my_robot_package.egg-info/entry_points.txt
writing requirements to ../../build/my_robot_package/my_robot_package.egg-info/requires.txt
writing top-level names to ../../build/my_robot_package/my_robot_package.egg-info/top_level.txt
writing manifest file '../../build/my_robot_package/my_robot_package.egg-info/SOURCES.txt'
reading manifest file '../../build/my_robot_package/my_robot_package.egg-info/SOURCES.txt'
writing manifest file '../../build/my_robot_package/my_robot_package.egg-info/SOURCES.txt'
running build
running build_py
creating /ros2/Superstrika/build/my_robot_package/build
creating /ros2/Superstrika/build/my_robot_package/build/lib
creating /ros2/Superstrika/build/my_robot_package/build/lib/my_robot_package
copying my_robot_package/__init__.py -> /ros2/Superstrika/build/my_robot_package/build/lib/my_robot_package
running install
running install_lib
creating /ros2/Superstrika/install/my_robot_package/lib/python3.10/site-packages/my_robot_package
copying /ros2/Superstrika/build/my_robot_package/build/lib/my_robot_package/__init__.py -> /ros2/Superstrika/install/my_robot_package/lib/python3.10/site-packages/my_robot_package
byte-compiling /ros2/Superstrika/install/my_robot_package/lib/python3.10/site-packages/my_robot_package/__init__.py to __init__.cpython-310.pyc
running install_data
creating /ros2/Superstrika/install/my_robot_package/share/ament_index
creating /ros2/Superstrika/install/my_robot_package/share/ament_index/resource_index
creating /ros2/Superstrika/install/my_robot_package/share/ament_index/resource_index/packages
copying resource/my_robot_package -> /ros2/Superstrika/install/my_robot_package/share/ament_index/resource_index/packages
copying package.xml -> /ros2/Superstrika/install/my_robot_package/share/my_robot_package
creating /ros2/Superstrika/install/my_robot_package/share/my_robot_package/launch
copying my_robot_package/launch/motors.launch.py -> /ros2/Superstrika/install/my_robot_package/share/my_robot_package/launch
running install_egg_info
Copying ../../build/my_robot_package/my_robot_package.egg-info to /ros2/Superstrika/install/my_robot_package/lib/python3.10/site-packages/my_robot_package-0.0.0-py3.10.egg-info
running install_scripts
Installing test script to /ros2/Superstrika/install/my_robot_package/lib/my_robot_package
writing list of installed files to '/ros2/Superstrika/build/my_robot_package/install.log'
