[1.946s] Invoking command in '/ros2/Superstrika/src/my_robot_package': PYTHONPATH=/ros2/Superstrika/build/my_robot_package/prefix_override:/usr/lib/python3/dist-packages/colcon_core/task/python/colcon_distutils_commands:/ros2/Superstrika/install/my_robot_package/lib/python3.10/site-packages: /usr/bin/python3 -W ignore:setup.py install is deprecated -W ignore:easy_install command is deprecated setup.py egg_info --egg-base ../../build/my_robot_package build --build-base /ros2/Superstrika/build/my_robot_package/build install --record /ros2/Superstrika/build/my_robot_package/install.log --single-version-externally-managed install_data
[2.604s] running egg_info
[2.607s] creating ../../build/my_robot_package/my_robot_package.egg-info
[2.609s] writing ../../build/my_robot_package/my_robot_package.egg-info/PKG-INFO
[2.610s] writing dependency_links to ../../build/my_robot_package/my_robot_package.egg-info/dependency_links.txt
[2.610s] writing entry points to ../../build/my_robot_package/my_robot_package.egg-info/entry_points.txt
[2.612s] writing requirements to ../../build/my_robot_package/my_robot_package.egg-info/requires.txt
[2.613s] writing top-level names to ../../build/my_robot_package/my_robot_package.egg-info/top_level.txt
[2.613s] writing manifest file '../../build/my_robot_package/my_robot_package.egg-info/SOURCES.txt'
[2.617s] reading manifest file '../../build/my_robot_package/my_robot_package.egg-info/SOURCES.txt'
[2.621s] writing manifest file '../../build/my_robot_package/my_robot_package.egg-info/SOURCES.txt'
[2.623s] running build
[2.624s] running build_py
[2.624s] creating /ros2/Superstrika/build/my_robot_package/build
[2.624s] creating /ros2/Superstrika/build/my_robot_package/build/lib
[2.626s] creating /ros2/Superstrika/build/my_robot_package/build/lib/my_robot_package
[2.628s] copying my_robot_package/__init__.py -> /ros2/Superstrika/build/my_robot_package/build/lib/my_robot_package
[2.629s] running install
[2.630s] running install_lib
[2.630s] creating /ros2/Superstrika/install/my_robot_package/lib/python3.10/site-packages/my_robot_package
[2.631s] copying /ros2/Superstrika/build/my_robot_package/build/lib/my_robot_package/__init__.py -> /ros2/Superstrika/install/my_robot_package/lib/python3.10/site-packages/my_robot_package
[2.633s] byte-compiling /ros2/Superstrika/install/my_robot_package/lib/python3.10/site-packages/my_robot_package/__init__.py to __init__.cpython-310.pyc
[2.634s] running install_data
[2.635s] creating /ros2/Superstrika/install/my_robot_package/share/ament_index
[2.635s] creating /ros2/Superstrika/install/my_robot_package/share/ament_index/resource_index
[2.638s] creating /ros2/Superstrika/install/my_robot_package/share/ament_index/resource_index/packages
[2.639s] copying resource/my_robot_package -> /ros2/Superstrika/install/my_robot_package/share/ament_index/resource_index/packages
[2.640s] copying package.xml -> /ros2/Superstrika/install/my_robot_package/share/my_robot_package
[2.640s] creating /ros2/Superstrika/install/my_robot_package/share/my_robot_package/launch
[2.641s] copying my_robot_package/launch/motors.launch.py -> /ros2/Superstrika/install/my_robot_package/share/my_robot_package/launch
[2.642s] running install_egg_info
[2.647s] Copying ../../build/my_robot_package/my_robot_package.egg-info to /ros2/Superstrika/install/my_robot_package/lib/python3.10/site-packages/my_robot_package-0.0.0-py3.10.egg-info
[2.655s] running install_scripts
[2.739s] Installing test script to /ros2/Superstrika/install/my_robot_package/lib/my_robot_package
[2.740s] writing list of installed files to '/ros2/Superstrika/build/my_robot_package/install.log'
[2.886s] Invoked command in '/ros2/Superstrika/src/my_robot_package' returned '0': PYTHONPATH=/ros2/Superstrika/build/my_robot_package/prefix_override:/usr/lib/python3/dist-packages/colcon_core/task/python/colcon_distutils_commands:/ros2/Superstrika/install/my_robot_package/lib/python3.10/site-packages: /usr/bin/python3 -W ignore:setup.py install is deprecated -W ignore:easy_install command is deprecated setup.py egg_info --egg-base ../../build/my_robot_package build --build-base /ros2/Superstrika/build/my_robot_package/build install --record /ros2/Superstrika/build/my_robot_package/install.log --single-version-externally-managed install_data
