[2.379s] Invoking command in '/ros2/Superstrika/build/my_robot_package': PYTHONPATH=/ros2/Superstrika/build/my_robot_package/prefix_override:/usr/lib/python3/dist-packages/colcon_core/task/python/colcon_distutils_commands:/ros2/Superstrika/install/my_robot_package/lib/python3.10/site-packages:${PYTHONPATH} /usr/bin/python3 -W ignore:setup.py install is deprecated -W ignore:easy_install command is deprecated setup.py develop --editable --build-directory /ros2/Superstrika/build/my_robot_package/build --no-deps symlink_data --force
[3.313s] running develop
[3.757s] running egg_info
[3.758s] writing my_robot_package.egg-info/PKG-INFO
[3.759s] writing dependency_links to my_robot_package.egg-info/dependency_links.txt
[3.762s] writing entry points to my_robot_package.egg-info/entry_points.txt
[3.764s] writing requirements to my_robot_package.egg-info/requires.txt
[3.767s] writing top-level names to my_robot_package.egg-info/top_level.txt
[3.774s] reading manifest file 'my_robot_package.egg-info/SOURCES.txt'
[3.776s] writing manifest file 'my_robot_package.egg-info/SOURCES.txt'
[3.782s] running build_ext
[3.784s] Creating /ros2/Superstrika/install/my_robot_package/lib/python3.10/site-packages/my-robot-package.egg-link (link to .)
[3.786s] Installing test script to /ros2/Superstrika/install/my_robot_package/lib/my_robot_package
[3.788s] 
[3.789s] Installed /ros2/Superstrika/build/my_robot_package
[3.792s] running symlink_data
[3.793s] symbolically linking /ros2/Superstrika/build/my_robot_package/resource/my_robot_package -> /ros2/Superstrika/install/my_robot_package/share/ament_index/resource_index/packages
[3.796s] symbolically linking /ros2/Superstrika/build/my_robot_package/package.xml -> /ros2/Superstrika/install/my_robot_package/share/my_robot_package
[3.799s] symbolically linking /ros2/Superstrika/build/my_robot_package/my_robot_package/launch/motors.launch.py -> /ros2/Superstrika/install/my_robot_package/share/my_robot_package/launch
[3.937s] Invoked command in '/ros2/Superstrika/build/my_robot_package' returned '0': PYTHONPATH=/ros2/Superstrika/build/my_robot_package/prefix_override:/usr/lib/python3/dist-packages/colcon_core/task/python/colcon_distutils_commands:/ros2/Superstrika/install/my_robot_package/lib/python3.10/site-packages:${PYTHONPATH} /usr/bin/python3 -W ignore:setup.py install is deprecated -W ignore:easy_install command is deprecated setup.py develop --editable --build-directory /ros2/Superstrika/build/my_robot_package/build --no-deps symlink_data --force
